SF:F:\osadsad\SquareEquationLib\SquareEquation.cs
FN:5,System.Double[] SquareEquationLib.SquareEquation::Solve(System.Double,System.Double,System.Double)
FNDA:23,System.Double[] SquareEquationLib.SquareEquation::Solve(System.Double,System.Double,System.Double)
DA:6,23
DA:9,23
DA:10,23
DA:11,23
DA:12,23
DA:13,2
DA:14,2
DA:16,21
DA:17,18
DA:18,18
DA:20,3
DA:21,1
DA:22,1
DA:23,1
DA:24,2
DA:25,1
DA:26,1
DA:27,1
DA:28,1
DA:30,1
DA:31,1
DA:32,1
DA:33,1
DA:34,1
DA:35,3
DA:36,3
BRDA:12,40,0,19
BRDA:12,40,1,4
BRDA:12,53,0,2
BRDA:12,53,1,21
BRDA:16,72,0,21
BRDA:16,98,0,1
BRDA:16,98,1,21
BRDA:16,124,0,15
BRDA:16,150,0,1
BRDA:16,150,1,15
BRDA:16,72,1,6
BRDA:16,124,1,6
BRDA:16,183,0,18
BRDA:16,183,1,3
BRDA:20,205,0,1
BRDA:20,205,1,2
BRDA:24,222,0,2
BRDA:24,222,1,0
BRDA:24,236,0,1
BRDA:24,236,1,1
LF:26
LH:26
BRF:20
BRH:19
FNF:1
FNH:1
end_of_record