SF:F:\osadsad\SquareEquationLib\SquareEquation.cs
FN:5,System.Double[] SquareEquationLib.SquareEquation::Solve(System.Double,System.Double,System.Double)
FNDA:23,System.Double[] SquareEquationLib.SquareEquation::Solve(System.Double,System.Double,System.Double)
DA:6,23
DA:9,23
DA:10,23
DA:11,23
DA:12,23
DA:13,2
DA:14,2
DA:16,21
DA:17,18
DA:18,18
DA:20,3
DA:21,1
DA:22,1
DA:23,1
DA:24,2
DA:25,1
DA:26,1
DA:27,1
DA:28,1
DA:30,1
DA:31,1
DA:32,1
DA:33,1
DA:34,1
DA:35,3
DA:36,3
BRDA:12,51,0,2
BRDA:12,51,1,21
BRDA:16,70,0,21
BRDA:16,96,0,1
BRDA:16,96,1,21
BRDA:16,122,0,15
BRDA:16,148,0,1
BRDA:16,148,1,15
BRDA:16,70,1,6
BRDA:16,122,1,6
BRDA:16,181,0,18
BRDA:16,181,1,3
BRDA:20,203,0,1
BRDA:20,203,1,2
BRDA:24,232,0,1
BRDA:24,232,1,1
LF:26
LH:26
BRF:16
BRH:16
FNF:1
FNH:1
end_of_record