<?xml version="1.0" encoding="utf-8"?>
<coverage line-rate="1" branch-rate="0.95" version="1.9" timestamp="1687719187" lines-covered="26" lines-valid="26" branches-covered="19" branches-valid="20">
  <sources>
    <source>F:\</source>
  </sources>
  <packages>
    <package name="SquareEquationSolver" line-rate="1" branch-rate="0.95" complexity="20">
      <classes>
        <class name="SquareEquationSolver.Services.SquareEquationSolverService" filename="osadsad\UnitTests\SquareEquationSolver\SquareEquationSolver.cs" line-rate="1" branch-rate="0.95" complexity="20">
          <methods>
            <method name="Solve" signature="(System.Double,System.Double,System.Double)" line-rate="1" branch-rate="0.95" complexity="20">
              <lines>
                <line number="8" hits="12" branch="False" />
                <line number="11" hits="12" branch="False" />
                <line number="12" hits="12" branch="False" />
                <line number="13" hits="12" branch="False" />
                <line number="14" hits="12" branch="True" condition-coverage="100% (4/4)">
                  <conditions>
                    <condition number="40" type="jump" coverage="100%" />
                    <condition number="53" type="jump" coverage="100%" />
                  </conditions>
                </line>
                <line number="15" hits="1" branch="False" />
                <line number="16" hits="1" branch="False" />
                <line number="18" hits="11" branch="True" condition-coverage="100% (10/10)">
                  <conditions>
                    <condition number="72" type="jump" coverage="100%" />
                    <condition number="98" type="jump" coverage="100%" />
                    <condition number="124" type="jump" coverage="100%" />
                    <condition number="150" type="jump" coverage="100%" />
                    <condition number="183" type="jump" coverage="100%" />
                  </conditions>
                </line>
                <line number="19" hits="8" branch="False" />
                <line number="20" hits="8" branch="False" />
                <line number="22" hits="3" branch="True" condition-coverage="100% (2/2)">
                  <conditions>
                    <condition number="205" type="jump" coverage="100%" />
                  </conditions>
                </line>
                <line number="23" hits="1" branch="False" />
                <line number="24" hits="1" branch="False" />
                <line number="25" hits="1" branch="False" />
                <line number="26" hits="2" branch="True" condition-coverage="75% (3/4)">
                  <conditions>
                    <condition number="222" type="jump" coverage="50%" />
                    <condition number="236" type="jump" coverage="100%" />
                  </conditions>
                </line>
                <line number="27" hits="1" branch="False" />
                <line number="28" hits="1" branch="False" />
                <line number="29" hits="1" branch="False" />
                <line number="30" hits="1" branch="False" />
                <line number="32" hits="1" branch="False" />
                <line number="33" hits="1" branch="False" />
                <line number="34" hits="1" branch="False" />
                <line number="35" hits="1" branch="False" />
                <line number="36" hits="1" branch="False" />
                <line number="37" hits="3" branch="False" />
                <line number="38" hits="3" branch="False" />
              </lines>
            </method>
          </methods>
          <lines>
            <line number="8" hits="12" branch="False" />
            <line number="11" hits="12" branch="False" />
            <line number="12" hits="12" branch="False" />
            <line number="13" hits="12" branch="False" />
            <line number="14" hits="12" branch="True" condition-coverage="100% (4/4)">
              <conditions>
                <condition number="40" type="jump" coverage="100%" />
                <condition number="53" type="jump" coverage="100%" />
              </conditions>
            </line>
            <line number="15" hits="1" branch="False" />
            <line number="16" hits="1" branch="False" />
            <line number="18" hits="11" branch="True" condition-coverage="100% (10/10)">
              <conditions>
                <condition number="72" type="jump" coverage="100%" />
                <condition number="98" type="jump" coverage="100%" />
                <condition number="124" type="jump" coverage="100%" />
                <condition number="150" type="jump" coverage="100%" />
                <condition number="183" type="jump" coverage="100%" />
              </conditions>
            </line>
            <line number="19" hits="8" branch="False" />
            <line number="20" hits="8" branch="False" />
            <line number="22" hits="3" branch="True" condition-coverage="100% (2/2)">
              <conditions>
                <condition number="205" type="jump" coverage="100%" />
              </conditions>
            </line>
            <line number="23" hits="1" branch="False" />
            <line number="24" hits="1" branch="False" />
            <line number="25" hits="1" branch="False" />
            <line number="26" hits="2" branch="True" condition-coverage="75% (3/4)">
              <conditions>
                <condition number="222" type="jump" coverage="50%" />
                <condition number="236" type="jump" coverage="100%" />
              </conditions>
            </line>
            <line number="27" hits="1" branch="False" />
            <line number="28" hits="1" branch="False" />
            <line number="29" hits="1" branch="False" />
            <line number="30" hits="1" branch="False" />
            <line number="32" hits="1" branch="False" />
            <line number="33" hits="1" branch="False" />
            <line number="34" hits="1" branch="False" />
            <line number="35" hits="1" branch="False" />
            <line number="36" hits="1" branch="False" />
            <line number="37" hits="3" branch="False" />
            <line number="38" hits="3" branch="False" />
          </lines>
        </class>
      </classes>
    </package>
  </packages>
</coverage>